<?xml version="1.0" encoding="UTF-8"?>
<!-- Generated by org.testng.reporters.JUnitReportReporter -->
<testsuite hostname="PinkySaha" failures="0" tests="16" name="hw17Selenium.Use_of_webDriverManager" time="41.271" errors="1" timestamp="2022-07-28T01:49:20 EDT" skipped="1">
  <testcase classname="hw17Selenium.Use_of_webDriverManager" name="signInButtonTest01" time="20.093">
    <error message="Unable to locate element: #\ xyz\ Sign\ in\ button
For documentation on this error, please visit: https://selenium.dev/exceptions/#no_such_element
Build info: version: &#039;4.2.2&#039;, revision: &#039;683ccb65d6&#039;
System info: host: &#039;PINKYSAHA&#039;, ip: &#039;10.0.0.72&#039;, os.name: &#039;Windows 11&#039;, os.arch: &#039;amd64&#039;, os.version: &#039;10.0&#039;, java.version: &#039;17.0.2&#039;
Driver info: org.openqa.selenium.firefox.FirefoxDriver
Command: [8aaddcfc-7d76-402c-9dd5-e800998a5182, findElement {using=id, value= xyz Sign in button}]
Capabilities {acceptInsecureCerts: true, browserName: firefox, browserVersion: 103.0, moz:accessibilityChecks: false, moz:buildID: 20220718155818, moz:debuggerAddress: localhost:60838, moz:geckodriverVersion: 0.31.0, moz:headless: false, moz:platformVersion: 10.0, moz:processID: 9616, moz:profile: C:\Users\Sonjo\AppData\Loca..., moz:shutdownTimeout: 60000, moz:useNonSpecCompliantPointerOrigin: false, moz:webdriverClick: true, moz:windowless: false, pageLoadStrategy: normal, platformName: WINDOWS, proxy: Proxy(), se:cdp: ws://localhost:60838/devtoo..., se:cdpVersion: 85.0, setWindowRect: true, strictFileInteractability: false, timeouts: {implicit: 0, pageLoad: 300000, script: 30000}, unhandledPromptBehavior: dismiss and notify}
Session ID: 8aaddcfc-7d76-402c-9dd5-e800998a5182" type="org.openqa.selenium.NoSuchElementException">
      <![CDATA[org.openqa.selenium.NoSuchElementException: Unable to locate element: #\ xyz\ Sign\ in\ button
For documentation on this error, please visit: https://selenium.dev/exceptions/#no_such_element
Build info: version: '4.2.2', revision: '683ccb65d6'
System info: host: 'PINKYSAHA', ip: '10.0.0.72', os.name: 'Windows 11', os.arch: 'amd64', os.version: '10.0', java.version: '17.0.2'
Driver info: org.openqa.selenium.firefox.FirefoxDriver
Command: [8aaddcfc-7d76-402c-9dd5-e800998a5182, findElement {using=id, value= xyz Sign in button}]
Capabilities {acceptInsecureCerts: true, browserName: firefox, browserVersion: 103.0, moz:accessibilityChecks: false, moz:buildID: 20220718155818, moz:debuggerAddress: localhost:60838, moz:geckodriverVersion: 0.31.0, moz:headless: false, moz:platformVersion: 10.0, moz:processID: 9616, moz:profile: C:\Users\Sonjo\AppData\Loca..., moz:shutdownTimeout: 60000, moz:useNonSpecCompliantPointerOrigin: false, moz:webdriverClick: true, moz:windowless: false, pageLoadStrategy: normal, platformName: WINDOWS, proxy: Proxy(), se:cdp: ws://localhost:60838/devtoo..., se:cdpVersion: 85.0, setWindowRect: true, strictFileInteractability: false, timeouts: {implicit: 0, pageLoad: 300000, script: 30000}, unhandledPromptBehavior: dismiss and notify}
Session ID: 8aaddcfc-7d76-402c-9dd5-e800998a5182
at java.base/jdk.internal.reflect.NativeConstructorAccessorImpl.newInstance0(Native Method)
at java.base/jdk.internal.reflect.NativeConstructorAccessorImpl.newInstance(NativeConstructorAccessorImpl.java:77)
at java.base/jdk.internal.reflect.DelegatingConstructorAccessorImpl.newInstance(DelegatingConstructorAccessorImpl.java:45)
at java.base/java.lang.reflect.Constructor.newInstanceWithCaller(Constructor.java:499)
at java.base/java.lang.reflect.Constructor.newInstance(Constructor.java:480)
at org.openqa.selenium.remote.codec.w3c.W3CHttpResponseCodec.createException(W3CHttpResponseCodec.java:200)
at org.openqa.selenium.remote.codec.w3c.W3CHttpResponseCodec.decode(W3CHttpResponseCodec.java:133)
at org.openqa.selenium.remote.codec.w3c.W3CHttpResponseCodec.decode(W3CHttpResponseCodec.java:53)
at org.openqa.selenium.remote.HttpCommandExecutor.execute(HttpCommandExecutor.java:184)
at org.openqa.selenium.remote.service.DriverCommandExecutor.invokeExecute(DriverCommandExecutor.java:167)
at org.openqa.selenium.remote.service.DriverCommandExecutor.execute(DriverCommandExecutor.java:142)
at org.openqa.selenium.remote.RemoteWebDriver.execute(RemoteWebDriver.java:588)
at org.openqa.selenium.remote.ElementLocation$ElementFinder$2.findElement(ElementLocation.java:162)
at org.openqa.selenium.remote.ElementLocation.findElement(ElementLocation.java:66)
at org.openqa.selenium.remote.RemoteWebDriver.findElement(RemoteWebDriver.java:406)
at org.openqa.selenium.remote.RemoteWebDriver.findElement(RemoteWebDriver.java:398)
at hw17Selenium.Use_of_webDriverManager.signInButtonTest01(Use_of_webDriverManager.java:97)
at java.base/jdk.internal.reflect.NativeMethodAccessorImpl.invoke0(Native Method)
at java.base/jdk.internal.reflect.NativeMethodAccessorImpl.invoke(NativeMethodAccessorImpl.java:77)
at java.base/jdk.internal.reflect.DelegatingMethodAccessorImpl.invoke(DelegatingMethodAccessorImpl.java:43)
at java.base/java.lang.reflect.Method.invoke(Method.java:568)
at org.testng.internal.MethodInvocationHelper.invokeMethod(MethodInvocationHelper.java:133)
at org.testng.internal.TestInvoker.invokeMethod(TestInvoker.java:598)
at org.testng.internal.TestInvoker.invokeTestMethod(TestInvoker.java:173)
at org.testng.internal.MethodRunner.runInSequence(MethodRunner.java:46)
at org.testng.internal.TestInvoker$MethodInvocationAgent.invoke(TestInvoker.java:824)
at org.testng.internal.TestInvoker.invokeTestMethods(TestInvoker.java:146)
at org.testng.internal.TestMethodWorker.invokeTestMethods(TestMethodWorker.java:146)
at org.testng.internal.TestMethodWorker.run(TestMethodWorker.java:128)
at java.base/java.util.ArrayList.forEach(ArrayList.java:1511)
at org.testng.TestRunner.privateRun(TestRunner.java:794)
at org.testng.TestRunner.run(TestRunner.java:596)
at org.testng.SuiteRunner.runTest(SuiteRunner.java:377)
at org.testng.SuiteRunner.runSequentially(SuiteRunner.java:371)
at org.testng.SuiteRunner.privateRun(SuiteRunner.java:332)
at org.testng.SuiteRunner.run(SuiteRunner.java:276)
at org.testng.SuiteRunnerWorker.runSuite(SuiteRunnerWorker.java:53)
at org.testng.SuiteRunnerWorker.run(SuiteRunnerWorker.java:96)
at org.testng.TestNG.runSuitesSequentially(TestNG.java:1212)
at org.testng.TestNG.runSuitesLocally(TestNG.java:1134)
at org.testng.TestNG.runSuites(TestNG.java:1063)
at org.testng.TestNG.run(TestNG.java:1031)
at org.testng.remote.AbstractRemoteTestNG.run(AbstractRemoteTestNG.java:115)
at org.testng.remote.RemoteTestNG.initAndRun(RemoteTestNG.java:251)
at org.testng.remote.RemoteTestNG.main(RemoteTestNG.java:77)
]]>
    </error>
  </testcase> <!-- signInButtonTest01 -->
  <system-out/>
  <testcase classname="hw17Selenium.Use_of_webDriverManager" name="skipHomePageTitleTest" time="0.027"/>
  <system-out/>
  <testcase classname="hw17Selenium.Use_of_webDriverManager" name="signInButtonTest02" time="20.023"/>
  <system-out/>
  <testcase classname="hw17Selenium.Use_of_webDriverManager" name="menuTest03" time="0.323"/>
  <system-out/>
  <testcase classname="hw17Selenium.Use_of_webDriverManager" name="menuTest01" time="0.027"/>
  <system-out/>
  <testcase classname="hw17Selenium.Use_of_webDriverManager" name="menuTest01" time="0.208"/>
  <system-out/>
  <testcase classname="hw17Selenium.Use_of_webDriverManager" name="menuTest01" time="0.016"/>
  <system-out/>
  <testcase classname="hw17Selenium.Use_of_webDriverManager" name="menuTest01" time="0.125"/>
  <system-out/>
  <testcase classname="hw17Selenium.Use_of_webDriverManager" name="menuTest01" time="0.090"/>
  <system-out/>
  <testcase classname="hw17Selenium.Use_of_webDriverManager" name="menuTest01" time="0.118"/>
  <system-out/>
  <testcase classname="hw17Selenium.Use_of_webDriverManager" name="menuTest01" time="0.017"/>
  <system-out/>
  <testcase classname="hw17Selenium.Use_of_webDriverManager" name="menuTest01" time="0.092"/>
  <system-out/>
  <testcase classname="hw17Selenium.Use_of_webDriverManager" name="menuTest01" time="0.032"/>
  <system-out/>
  <testcase classname="hw17Selenium.Use_of_webDriverManager" name="menuTest01" time="0.060"/>
  <system-out/>
  <testcase classname="hw17Selenium.Use_of_webDriverManager" name="menuTest02" time="0.020"/>
  <system-out/>
  <testcase classname="hw17Selenium.Use_of_webDriverManager" name="signInTest">
    <skipped/>
  </testcase> <!-- signInTest -->
  <system-out/>
</testsuite> <!-- hw17Selenium.Use_of_webDriverManager -->
